<?xml version="1.0" encoding="UTF-8"?>
<!-- Generated by org.testng.reporters.JUnitReportReporter -->
<testsuite skipped="0" hostname="admin-PC" name="TestNGStudy.day1" tests="2" failures="0" timestamp="24 Jun 2022 03:44:51 GMT" time="0.016" errors="0">
  <testcase name="Demo" time="0.016" classname="TestNGStudy.day1"/>
  <testcase name="SecondTest" time="0.000" classname="TestNGStudy.day1"/>
</testsuite> <!-- TestNGStudy.day1 -->
