<?xml version="1.0" encoding="UTF-8"?>
<!-- Generated by org.testng.reporters.JUnitReportReporter -->
<testsuite skipped="0" hostname="admin-PC" name="IFrame.FrameTest" tests="1" failures="0" timestamp="05 Jul 2022 19:01:50 GMT" time="16.534" errors="0">
  <testcase name="myMethod" time="16.534" classname="IFrame.FrameTest"/>
</testsuite> <!-- IFrame.FrameTest -->
