<?xml version="1.0" encoding="UTF-8"?>
<!-- Generated by org.testng.reporters.JUnitReportReporter -->
<testsuite skipped="0" hostname="admin-PC" name="verificationTestNG.VerifyRadioButton" tests="1" failures="0" timestamp="28 Jun 2022 08:50:16 GMT" time="10.112" errors="0">
  <testcase name="myMethod" time="10.112" classname="verificationTestNG.VerifyRadioButton"/>
</testsuite> <!-- verificationTestNG.VerifyRadioButton -->
