<?xml version="1.0" encoding="UTF-8"?>
<!-- Generated by org.testng.reporters.JUnitReportReporter -->
<testsuite skipped="0" hostname="admin-PC" name="TestNGStudy.MyTestClass1" tests="2" failures="0" timestamp="26 Jun 2022 11:24:28 GMT" time="0.000" errors="0">
  <testcase name="b" time="0.000" classname="TestNGStudy.MyTestClass1"/>
  <testcase name="d" time="0.000" classname="TestNGStudy.MyTestClass1"/>
</testsuite> <!-- TestNGStudy.MyTestClass1 -->
