<?xml version="1.0" encoding="UTF-8"?>
<!-- Generated by org.testng.reporters.JUnitReportReporter -->
<testsuite skipped="0" hostname="admin-PC" name="TestNGStudy.Myclass1" tests="1" failures="0" timestamp="28 Jun 2022 08:35:35 GMT" time="8.952" errors="0">
  <testcase name="KiteLogin" time="8.952" classname="TestNGStudy.Myclass1"/>
</testsuite> <!-- TestNGStudy.Myclass1 -->
