<?xml version="1.0" encoding="UTF-8"?>
<!-- Generated by org.testng.reporters.JUnitReportReporter -->
<testsuite skipped="0" hostname="admin-PC" name="IFrame.Iframepractice" tests="1" failures="0" timestamp="30 Jun 2022 11:39:22 GMT" time="7.055" errors="0">
  <testcase name="myMethod" time="7.055" classname="IFrame.Iframepractice"/>
</testsuite> <!-- IFrame.Iframepractice -->
