<?xml version="1.0" encoding="UTF-8"?>
<!-- Generated by org.testng.reporters.JUnitReportReporter -->
<testsuite skipped="0" hostname="admin-PC" name="verificationTestNG.MultipleVerification" tests="1" failures="0" timestamp="28 Jun 2022 11:42:20 GMT" time="0.015" errors="0">
  <testcase name="myMethod" time="0.015" classname="verificationTestNG.MultipleVerification"/>
</testsuite> <!-- verificationTestNG.MultipleVerification -->
