<?xml version="1.0" encoding="UTF-8"?>
<!-- Generated by org.testng.reporters.JUnitReportReporter -->
<testsuite skipped="0" hostname="admin-PC" name="TestNGStudy.MyTestClass2" tests="2" failures="0" timestamp="26 Jun 2022 11:24:28 GMT" time="0.016" errors="0">
  <testcase name="r" time="0.000" classname="TestNGStudy.MyTestClass2"/>
  <testcase name="p" time="0.016" classname="TestNGStudy.MyTestClass2"/>
</testsuite> <!-- TestNGStudy.MyTestClass2 -->
