<?xml version="1.0" encoding="UTF-8"?>
<!-- Generated by org.testng.reporters.JUnitReportReporter -->
<testsuite skipped="0" hostname="admin-PC" name="TestNGStudy.NewTestEx1" tests="1" failures="0" timestamp="22 Jun 2022 09:25:08 GMT" time="6.810" errors="0">
  <testcase name="KiteLogin" time="6.810" classname="TestNGStudy.NewTestEx1"/>
</testsuite> <!-- TestNGStudy.NewTestEx1 -->
