<?xml version="1.0" encoding="UTF-8"?>
<!-- Generated by org.testng.reporters.JUnitReportReporter -->
<testsuite skipped="0" hostname="admin-PC" name="actionClass.DragandDrop" tests="1" failures="0" timestamp="30 Jun 2022 12:00:40 GMT" time="11.871" errors="0">
  <testcase name="draganddrop" time="11.871" classname="actionClass.DragandDrop"/>
</testsuite> <!-- actionClass.DragandDrop -->
