<?xml version="1.0" encoding="UTF-8"?>
<!-- Generated by org.testng.reporters.JUnitReportReporter -->
<testsuite skipped="0" hostname="admin-PC" name="TestNGStudy.Myclass2" tests="1" failures="0" timestamp="28 Jun 2022 08:35:35 GMT" time="4.024" errors="0">
  <testcase name="myMethod" time="4.024" classname="TestNGStudy.Myclass2"/>
</testsuite> <!-- TestNGStudy.Myclass2 -->
