<?xml version="1.0" encoding="UTF-8"?>
<!-- Generated by org.testng.reporters.JUnitReportReporter -->
<testsuite skipped="0" hostname="admin-PC" name="verificationTestNG.AssertEqualUse" tests="1" failures="0" timestamp="28 Jun 2022 09:07:48 GMT" time="0.016" errors="0">
  <testcase name="myMethod" time="0.016" classname="verificationTestNG.AssertEqualUse"/>
</testsuite> <!-- verificationTestNG.AssertEqualUse -->
